2026-01-28 19:38:00 [INFO] com.revconnect.service.UserService - Login attempt for email: prajwal@gmail.com
2026-01-28 19:38:00 [INFO] com.revconnect.service.UserService - Login successful for: prajwal@gmail.com
2026-01-28 19:44:24 [INFO] com.revconnect.service.UserService - Attempting to register user: rahul@gmail.com
2026-01-28 19:44:24 [INFO] com.revconnect.service.UserService - User registered successfully: rahul@gmail.com
2026-01-28 19:44:40 [INFO] com.revconnect.service.UserService - Login attempt for email: rahul@gmail.com
2026-01-28 19:44:40 [WARN] com.revconnect.service.UserService - Login failed for: rahul@gmail.com
2026-01-28 19:44:51 [INFO] com.revconnect.service.UserService - Login attempt for email: rahul@gmail.com
2026-01-28 19:44:51 [INFO] com.revconnect.service.UserService - Login successful for: rahul@gmail.com
2026-01-28 19:44:53 [INFO] com.revconnect.service.UserService - Fetching profile for user ID: 15
2026-01-28 20:13:38 [INFO] com.revconnect.service.UserService - Login attempt for email: prajwal@gmail.com
2026-01-28 20:13:39 [INFO] com.revconnect.service.UserService - Login successful for: prajwal@gmail.com
2026-01-28 20:14:25 [INFO] com.revconnect.service.UserService - Updating profile for user ID: 3
2026-01-28 20:14:25 [INFO] com.revconnect.service.UserService - Profile updated successfully for user ID: 3
2026-01-28 20:14:48 [INFO] com.revconnect.service.UserService - Fetching profile for user ID: 3
2026-01-28 21:49:07 [INFO] com.revconnect.service.UserService - Login attempt for email: prajwal@gmail.com
2026-01-28 21:49:07 [INFO] com.revconnect.service.UserService - Login successful for: prajwal@gmail.com
2026-01-28 21:50:43 [INFO] com.revconnect.service.UserService - Login attempt for email: john@gmail.com
2026-01-28 21:50:44 [INFO] com.revconnect.service.UserService - Login successful for: john@gmail.com
2026-01-28 21:58:29 [INFO] com.revconnect.service.UserService - Login attempt for email: prajwal@gamil.com
2026-01-28 21:58:30 [WARN] com.revconnect.service.UserService - Login failed for: prajwal@gamil.com
2026-01-28 21:58:48 [INFO] com.revconnect.service.UserService - Login attempt for email: rahul@gmail.com
2026-01-28 21:58:48 [INFO] com.revconnect.service.UserService - Login successful for: rahul@gmail.com
2026-01-28 22:00:24 [INFO] com.revconnect.service.UserService - Login attempt for email: test@gmail.com
2026-01-28 22:00:24 [WARN] com.revconnect.service.UserService - Login failed for: test@gmail.com
2026-01-28 22:00:46 [INFO] com.revconnect.service.UserService - Login attempt for email: test@gmail.com
2026-01-28 22:00:46 [WARN] com.revconnect.service.UserService - Login failed for: test@gmail.com
2026-01-28 22:01:54 [INFO] com.revconnect.service.UserService - Login attempt for email: saleem2gmail.com
2026-01-28 22:01:54 [WARN] com.revconnect.service.UserService - Login failed for: saleem2gmail.com
2026-01-28 22:02:07 [INFO] com.revconnect.service.UserService - Login attempt for email: saleem2gmail.com
2026-01-28 22:02:07 [WARN] com.revconnect.service.UserService - Login failed for: saleem2gmail.com
2026-01-28 22:02:50 [INFO] com.revconnect.service.UserService - Login attempt for email: saleem2gmail.com
2026-01-28 22:02:50 [WARN] com.revconnect.service.UserService - Login failed for: saleem2gmail.com
2026-01-28 22:03:03 [INFO] com.revconnect.service.UserService - Login attempt for email: saleem2gmail.com
2026-01-28 22:03:03 [INFO] com.revconnect.service.UserService - Login successful for: saleem2gmail.com
2026-01-28 22:15:13 [INFO] com.revconnect.service.UserService - Attempting to register user: test1@gmail.com
2026-01-28 22:15:13 [INFO] com.revconnect.service.UserService - User registered successfully: test1@gmail.com
2026-01-28 22:15:28 [INFO] com.revconnect.service.UserService - Login attempt for email: test1@gmail.com
2026-01-28 22:15:28 [INFO] com.revconnect.service.UserService - Login successful for: test1@gmail.com
2026-01-28 22:16:36 [INFO] com.revconnect.service.UserService - Login attempt for email: john@gmail.com
2026-01-28 22:16:36 [INFO] com.revconnect.service.UserService - Login successful for: john@gmail.com
2026-01-28 22:24:13 [INFO] com.revconnect.service.UserService - Login attempt for email: john@gmail.com
2026-01-28 22:24:13 [INFO] com.revconnect.service.UserService - Login successful for: john@gmail.com
2026-01-28 22:26:36 [INFO] com.revconnect.service.UserService - Login attempt for email: john@gmail.com
2026-01-28 22:26:36 [INFO] com.revconnect.service.UserService - Login successful for: john@gmail.com
2026-01-28 22:30:53 [INFO] com.revconnect.service.UserService - Login attempt for email: john@gmil.com
2026-01-28 22:30:53 [WARN] com.revconnect.service.UserService - Login failed for: john@gmil.com
2026-01-28 22:31:19 [INFO] com.revconnect.service.UserService - Login attempt for email: john@gmail.com
2026-01-28 22:31:19 [WARN] com.revconnect.service.UserService - Login failed for: john@gmail.com
2026-01-28 22:31:39 [INFO] com.revconnect.service.UserService - Login attempt for email: john@gmail.com
2026-01-28 22:31:39 [INFO] com.revconnect.service.UserService - Login successful for: john@gmail.com
2026-01-28 22:36:25 [INFO] com.revconnect.service.UserService - Login attempt for email: john@gmail.com
2026-01-28 22:36:26 [INFO] com.revconnect.service.UserService - Login successful for: john@gmail.com
2026-01-28 22:53:35 [INFO] com.revconnect.service.UserService - Login attempt for email: john2gmail.com
2026-01-28 22:53:35 [WARN] com.revconnect.service.UserService - Login failed for: john2gmail.com
2026-01-28 22:53:52 [INFO] com.revconnect.service.UserService - Login attempt for email: prajwal@gmail.com
2026-01-28 22:53:52 [INFO] com.revconnect.service.UserService - Login successful for: prajwal@gmail.com
2026-01-28 22:54:22 [INFO] com.revconnect.service.UserService - Login attempt for email: john@gmail.com
2026-01-28 22:54:22 [INFO] com.revconnect.service.UserService - Login successful for: john@gmail.com
2026-01-28 23:05:54 [INFO] com.revconnect.service.UserService - Login attempt for email: john@gmail.com
2026-01-28 23:05:54 [INFO] com.revconnect.service.UserService - Login successful for: john@gmail.com
2026-01-28 23:06:28 [INFO] com.revconnect.service.UserService - Login attempt for email: rahul@gmail.com
2026-01-28 23:06:28 [WARN] com.revconnect.service.UserService - Login failed for: rahul@gmail.com
2026-01-28 23:06:38 [INFO] com.revconnect.service.UserService - Login attempt for email: rahul@gmail.com
2026-01-28 23:06:38 [INFO] com.revconnect.service.UserService - Login successful for: rahul@gmail.com
2026-01-28 23:30:28 [INFO] com.revconnect.service.UserService - Login attempt for email: rahul@gmail.com
2026-01-28 23:30:28 [INFO] com.revconnect.service.UserService - Login successful for: rahul@gmail.com
2026-01-28 23:31:46 [INFO] com.revconnect.service.UserService - Login attempt for email: rahul@gmail.com
2026-01-28 23:31:46 [WARN] com.revconnect.service.UserService - Login failed for: rahul@gmail.com
2026-01-28 23:31:58 [INFO] com.revconnect.service.UserService - Login attempt for email: rahul@gmail.com
2026-01-28 23:31:58 [INFO] com.revconnect.service.UserService - Login successful for: rahul@gmail.com
2026-01-28 23:32:34 [INFO] com.revconnect.service.UserService - Login attempt for email: rahul@gmail.com
2026-01-28 23:32:35 [INFO] com.revconnect.service.UserService - Login successful for: rahul@gmail.com
2026-01-29 00:52:34 [INFO] com.revconnect.service.UserService - Login attempt for email: prajwal@gmail.com
2026-01-29 00:52:34 [INFO] com.revconnect.service.UserService - Login successful for: prajwal@gmail.com
2026-01-29 01:01:28 [INFO] com.revconnect.service.UserService - Login attempt for email: prajwal@gmail.com
2026-01-29 01:01:29 [INFO] com.revconnect.service.UserService - Login successful for: prajwal@gmail.com
2026-01-29 10:02:12 [INFO] com.revconnect.service.UserService - Attempting to register user: test2@gmail.com
2026-01-29 10:02:12 [INFO] com.revconnect.service.UserService - User registered successfully: test2@gmail.com
2026-01-29 10:02:25 [INFO] com.revconnect.service.UserService - Login attempt for email: test2@gmail.com
2026-01-29 10:02:25 [INFO] com.revconnect.service.UserService - Login successful for: test2@gmail.com
2026-01-29 10:06:19 [INFO] com.revconnect.service.LikeService - User 17 attempting to like post 1
2026-01-29 10:06:19 [INFO] com.revconnect.service.LikeService - Post 1 liked successfully by user 17
2026-01-29 10:19:29 [INFO] com.revconnect.service.UserService - Login attempt for email: test2@gmail.com
2026-01-29 10:19:29 [INFO] com.revconnect.service.UserService - Login successful for: test2@gmail.com
2026-01-29 10:21:12 [INFO] com.revconnect.service.UserService - Login attempt for email: rahul@gmail.com
2026-01-29 10:21:12 [INFO] com.revconnect.service.UserService - Login successful for: rahul@gmail.com
